{"/Users/carl/Development/grunt-painless-protractor/tasks/painless_protractor.js":{"path":"/Users/carl/Development/grunt-painless-protractor/tasks/painless_protractor.js","s":{"1":24,"2":24,"3":24,"4":24,"5":24,"6":24,"7":1,"8":0,"9":0,"10":0,"11":0,"12":0,"13":0,"14":0,"15":0,"16":24,"17":0,"18":0,"19":0,"20":0,"21":0,"22":0,"23":0,"24":0,"25":0,"26":0,"27":0,"28":0,"29":0,"30":0,"31":0,"32":0,"33":0,"34":0,"35":0,"36":0,"37":0,"38":0,"39":0,"40":0,"41":0,"42":0,"43":0,"44":0},"b":{"1":[0,0],"2":[0,0],"3":[0,0],"4":[0,0],"5":[0,0],"6":[0,0],"7":[0,0],"8":[0,0],"9":[0,0],"10":[0,0],"11":[0,0],"12":[0,0],"13":[0,0],"14":[0,0],"15":[0,0],"16":[0,0],"17":[0,0]},"f":{"1":0,"2":0,"3":0,"4":0,"5":0,"6":0,"7":0},"fnMap":{"1":{"name":"tidyShutdown","line":18,"loc":{"start":{"line":18,"column":0},"end":{"line":18,"column":36}}},"2":{"name":"(anonymous_2)","line":36,"loc":{"start":{"line":36,"column":17},"end":{"line":36,"column":33}}},"3":{"name":"(anonymous_3)","line":37,"loc":{"start":{"line":37,"column":118},"end":{"line":37,"column":129}}},"4":{"name":"(anonymous_4)","line":52,"loc":{"start":{"line":52,"column":36},"end":{"line":52,"column":51}}},"5":{"name":"(anonymous_5)","line":68,"loc":{"start":{"line":68,"column":43},"end":{"line":68,"column":58}}},"6":{"name":"(anonymous_6)","line":76,"loc":{"start":{"line":76,"column":39},"end":{"line":76,"column":54}}},"7":{"name":"(anonymous_7)","line":83,"loc":{"start":{"line":83,"column":36},"end":{"line":83,"column":51}}}},"statementMap":{"1":{"start":{"line":10,"column":0},"end":{"line":10,"column":43}},"2":{"start":{"line":11,"column":0},"end":{"line":11,"column":51}},"3":{"start":{"line":13,"column":0},"end":{"line":13,"column":14}},"4":{"start":{"line":14,"column":0},"end":{"line":14,"column":15}},"5":{"start":{"line":15,"column":0},"end":{"line":15,"column":15}},"6":{"start":{"line":16,"column":0},"end":{"line":16,"column":8}},"7":{"start":{"line":18,"column":0},"end":{"line":34,"column":1}},"8":{"start":{"line":19,"column":4},"end":{"line":21,"column":5}},"9":{"start":{"line":20,"column":8},"end":{"line":20,"column":26}},"10":{"start":{"line":23,"column":4},"end":{"line":25,"column":5}},"11":{"start":{"line":24,"column":8},"end":{"line":24,"column":36}},"12":{"start":{"line":27,"column":4},"end":{"line":29,"column":5}},"13":{"start":{"line":28,"column":8},"end":{"line":28,"column":37}},"14":{"start":{"line":31,"column":4},"end":{"line":33,"column":5}},"15":{"start":{"line":32,"column":8},"end":{"line":32,"column":38}},"16":{"start":{"line":36,"column":0},"end":{"line":91,"column":2}},"17":{"start":{"line":37,"column":4},"end":{"line":90,"column":7}},"18":{"start":{"line":38,"column":8},"end":{"line":38,"column":32}},"19":{"start":{"line":39,"column":8},"end":{"line":39,"column":39}},"20":{"start":{"line":41,"column":8},"end":{"line":41,"column":100}},"21":{"start":{"line":42,"column":8},"end":{"line":42,"column":95}},"22":{"start":{"line":43,"column":8},"end":{"line":43,"column":58}},"23":{"start":{"line":45,"column":8},"end":{"line":45,"column":77}},"24":{"start":{"line":46,"column":8},"end":{"line":48,"column":9}},"25":{"start":{"line":47,"column":12},"end":{"line":47,"column":54}},"26":{"start":{"line":50,"column":8},"end":{"line":50,"column":51}},"27":{"start":{"line":52,"column":8},"end":{"line":81,"column":11}},"28":{"start":{"line":53,"column":12},"end":{"line":55,"column":13}},"29":{"start":{"line":54,"column":16},"end":{"line":54,"column":60}},"30":{"start":{"line":57,"column":12},"end":{"line":59,"column":13}},"31":{"start":{"line":58,"column":16},"end":{"line":58,"column":60}},"32":{"start":{"line":62,"column":12},"end":{"line":80,"column":13}},"33":{"start":{"line":63,"column":16},"end":{"line":72,"column":17}},"34":{"start":{"line":65,"column":20},"end":{"line":66,"column":76}},"35":{"start":{"line":68,"column":20},"end":{"line":71,"column":23}},"36":{"start":{"line":69,"column":24},"end":{"line":69,"column":69}},"37":{"start":{"line":70,"column":24},"end":{"line":70,"column":42}},"38":{"start":{"line":74,"column":16},"end":{"line":74,"column":84}},"39":{"start":{"line":76,"column":16},"end":{"line":79,"column":19}},"40":{"start":{"line":77,"column":20},"end":{"line":77,"column":65}},"41":{"start":{"line":78,"column":20},"end":{"line":78,"column":38}},"42":{"start":{"line":83,"column":8},"end":{"line":89,"column":11}},"43":{"start":{"line":86,"column":12},"end":{"line":88,"column":13}},"44":{"start":{"line":87,"column":16},"end":{"line":87,"column":57}}},"branchMap":{"1":{"line":19,"type":"if","locations":[{"start":{"line":19,"column":4},"end":{"line":19,"column":4}},{"start":{"line":19,"column":4},"end":{"line":19,"column":4}}]},"2":{"line":23,"type":"if","locations":[{"start":{"line":23,"column":4},"end":{"line":23,"column":4}},{"start":{"line":23,"column":4},"end":{"line":23,"column":4}}]},"3":{"line":27,"type":"if","locations":[{"start":{"line":27,"column":4},"end":{"line":27,"column":4}},{"start":{"line":27,"column":4},"end":{"line":27,"column":4}}]},"4":{"line":31,"type":"if","locations":[{"start":{"line":31,"column":4},"end":{"line":31,"column":4}},{"start":{"line":31,"column":4},"end":{"line":31,"column":4}}]},"5":{"line":41,"type":"binary-expr","locations":[{"start":{"line":41,"column":27},"end":{"line":41,"column":48}},{"start":{"line":41,"column":52},"end":{"line":41,"column":99}}]},"6":{"line":42,"type":"binary-expr","locations":[{"start":{"line":42,"column":28},"end":{"line":42,"column":50}},{"start":{"line":42,"column":54},"end":{"line":42,"column":94}}]},"7":{"line":43,"type":"binary-expr","locations":[{"start":{"line":43,"column":25},"end":{"line":43,"column":44}},{"start":{"line":43,"column":48},"end":{"line":43,"column":57}}]},"8":{"line":46,"type":"if","locations":[{"start":{"line":46,"column":8},"end":{"line":46,"column":8}},{"start":{"line":46,"column":8},"end":{"line":46,"column":8}}]},"9":{"line":53,"type":"if","locations":[{"start":{"line":53,"column":12},"end":{"line":53,"column":12}},{"start":{"line":53,"column":12},"end":{"line":53,"column":12}}]},"10":{"line":57,"type":"if","locations":[{"start":{"line":57,"column":12},"end":{"line":57,"column":12}},{"start":{"line":57,"column":12},"end":{"line":57,"column":12}}]},"11":{"line":62,"type":"if","locations":[{"start":{"line":62,"column":12},"end":{"line":62,"column":12}},{"start":{"line":62,"column":12},"end":{"line":62,"column":12}}]},"12":{"line":63,"type":"if","locations":[{"start":{"line":63,"column":16},"end":{"line":63,"column":16}},{"start":{"line":63,"column":16},"end":{"line":63,"column":16}}]},"13":{"line":63,"type":"binary-expr","locations":[{"start":{"line":63,"column":20},"end":{"line":63,"column":39}},{"start":{"line":63,"column":43},"end":{"line":63,"column":66}}]},"14":{"line":66,"type":"binary-expr","locations":[{"start":{"line":66,"column":24},"end":{"line":66,"column":48}},{"start":{"line":66,"column":52},"end":{"line":66,"column":54}}]},"15":{"line":69,"type":"cond-expr","locations":[{"start":{"line":69,"column":56},"end":{"line":69,"column":60}},{"start":{"line":69,"column":63},"end":{"line":69,"column":67}}]},"16":{"line":77,"type":"cond-expr","locations":[{"start":{"line":77,"column":52},"end":{"line":77,"column":56}},{"start":{"line":77,"column":59},"end":{"line":77,"column":63}}]},"17":{"line":86,"type":"if","locations":[{"start":{"line":86,"column":12},"end":{"line":86,"column":12}},{"start":{"line":86,"column":12},"end":{"line":86,"column":12}}]}}}}